|SourceProjectName:Rights Management Server 1.0.hpr
|DestinationProjectName:index.htm
index_hha.hhk
index.hhc
index.hhk
CAD_Viewer.htm
Configuration.htm
Contact_Us.htm
Document_Viewer.htm
Login_Page.htm
Manage_Repositories.htm
Manage_Repositories_Personal.htm
Repositories.htm
RH_Viewer.htm
rmcDownload.htm
ServiceProviders.htm
Supported_File.htm
Upload_and_View.htm
VDS_Viewer.htm
template\Azure_Green\usersettings.js
template\Charcoal_Grey\usersettings.js
index.glo
default.css
template\Charcoal_Grey\layout-rtl.css
template\Charcoal_Grey\layout.css
template\Azure_Green\layout-rtl.css
template\Azure_Green\layout.css
template\Azure_Green\toc_link_desktop_ltr.png
template\Azure_Green\filter_tab_applied.png
template\Azure_Green\next_tab_active.png
template\Azure_Green\next_tab.png
template\Azure_Green\next_mobile_active.png
template\Azure_Green\filter_clearall.png
template\Azure_Green\toc_link_desktop_rtl.png
template\Charcoal_Grey\toc_book_closed_desktop_ltr.png
template\Charcoal_Grey\filter_desktop_applied.png
template\Charcoal_Grey\back_mobile_filter.png
template\Charcoal_Grey\previous_mobile_active.png
template\Charcoal_Grey\toc_book_closed_desktop_rtl.png
template\Azure_Green\glossary_mobile.png
template\Charcoal_Grey\search_desktop_navigation.png
template\Charcoal_Grey\toc_tab.png
template\Charcoal_Grey\index_tab_active.png
template\Charcoal_Grey\search_mobile_active.png
template\Charcoal_Grey\filter_mobile.png
template\Charcoal_Grey\toc_mobile.png
template\Charcoal_Grey\filter_mobile_applied_active.png
template\Charcoal_Grey\filter_mobile_active.png
template\Charcoal_Grey\glossary_mobile_active.png
template\Charcoal_Grey\search_mobile.png
template\Charcoal_Grey\idx_topic.png
Images\viewer-info.png
Images\viewer-measurepointopoint.png
template\Azure_Green\slider_ltr.png
template\Azure_Green\slider_rtl.png
template\Azure_Green\filter_desktop.png
template\Azure_Green\toc_desktop.png
template\Azure_Green\filter_tab.png
template\Azure_Green\filter_mark.png
template\Charcoal_Grey\logo.png
template\Charcoal_Grey\toc_topic_desktop.png
Images\viewer-leftarrow.png
Images\viewer-rotate360.png
Images\viewer-modelview.png
Images\viewer-resetview.png
template\Charcoal_Grey\slider_open_rtl.png
template\Charcoal_Grey\search_tab_active.png
template\Charcoal_Grey\filter_tab_active.png
template\Charcoal_Grey\back_to_topic.png
template\Charcoal_Grey\andsearch_mark.png
template\Charcoal_Grey\toc_mobile_active.png
template\Charcoal_Grey\filter_mark_radio.png
template\Azure_Green\next.png
template\Azure_Green\menu.png
template\Azure_Green\logo.png
template\Charcoal_Grey\social_close_ltr.png
template\Charcoal_Grey\glossary_tab.png
template\Charcoal_Grey\glossary_tab_active.png
template\Charcoal_Grey\previous_tab_active.png
template\Charcoal_Grey\previous_tab.png
template\Charcoal_Grey\index_mobile.png
template\Charcoal_Grey\index_mobile_active.png
template\Charcoal_Grey\social_close_rtl.png
template\Charcoal_Grey\toc_topic_mobile.png
template\Azure_Green\index_tab.png
template\Azure_Green\index_mobile.png
template\Azure_Green\toc_book_open_desktop.png
template\Azure_Green\toc_book_open_drildown.png
template\Azure_Green\toc_book_closed_desktop.png
template\Azure_Green\toc_book_closed_mobile.png
template\Charcoal_Grey\top.png
template\Charcoal_Grey\print_desktop.png
template\Charcoal_Grey\next_active.png
template\Charcoal_Grey\index_desktop.png
template\Charcoal_Grey\toc_desktop.png
template\Charcoal_Grey\filter_tab_applied.png
template\Charcoal_Grey\next_mobile_active.png
template\Charcoal_Grey\next_mobile.png
template\Charcoal_Grey\social_open.png
template\Charcoal_Grey\filter_mark.png
template\Charcoal_Grey\filter_clearall.png
Images\viewer-01-wireframemode.png
template\Azure_Green\social_close_ltr.png
template\Azure_Green\toc_link_mobile_ltr.png
template\Azure_Green\next_active.png
template\Azure_Green\glossary_tab.png
template\Azure_Green\toc_tab.png
template\Azure_Green\andsearch_nomark.png
template\Azure_Green\social_close_rtl.png
template\Azure_Green\toc_topic_desktop.png
template\Azure_Green\toc_link_mobile_rtl.png
template\Charcoal_Grey\search_mobile_navigation.png
template\Charcoal_Grey\search_mobile_navigation_active.png
Images\viewer-zoomout.png
Images\viewer-playall.png
Images\viewer-explode.png
Images\viewer-rotateonanaxis.png
Images\viewer-measure.png
template\Azure_Green\top.png
template\Azure_Green\back_mobile_rtl.png
template\Azure_Green\back_mobile_filter.png
template\Azure_Green\loading.gif
template\Charcoal_Grey\filter_desktop.png
template\Charcoal_Grey\filter_mobile_applied.png
template\Charcoal_Grey\search_desktop.png
Images\viewer-measurefacetoface.png
Images\viewer-01-transparentmode.png
template\Azure_Green\previous.png
template\Azure_Green\index_desktop.png
template\Azure_Green\previous_tab_active.png
template\Azure_Green\previous_tab.png
template\Azure_Green\toc_mobile.png
template\Azure_Green\andsearch_mark.png
template\Azure_Green\idx_topic.png
template\Charcoal_Grey\toc_book_open_mobile.png
Images\StepDescription.png
Images\viewer-settings.png
template\Azure_Green\slider_open_ltr.png
template\Azure_Green\social_open.png
template\Azure_Green\filter_mark_radio.png
template\Charcoal_Grey\andsearch_nomark.png
template\Azure_Green\print_desktop.png
template\Azure_Green\slider_open_rtl.png
template\Azure_Green\search_desktop_active.png
template\Azure_Green\search_desktop_navigation.png
template\Azure_Green\next_mobile.png
template\Azure_Green\search_desktop.png
template\Charcoal_Grey\slider_open_ltr.png
template\Charcoal_Grey\toc_book_closed_mobile_ltr.png
template\Charcoal_Grey\toc_book_closed_mobile_rtl.png
Images\viewer-fittonormalview.png
Images\viewer-pause.png
Images\viewer-play.png
Images\viewer-print.png
template\Azure_Green\glossary_desktop.png
template\Charcoal_Grey\toc_link_desktop_ltr.png
template\Charcoal_Grey\search_desktop_active.png
template\Charcoal_Grey\previous.png
template\Charcoal_Grey\glossary_desktop.png
template\Charcoal_Grey\filter_tab_applied_active.png
template\Charcoal_Grey\filter_nomark_radio.png
template\Charcoal_Grey\filter_nomark.png
template\Charcoal_Grey\toc_link_desktop_rtl.png
template\Azure_Green\filter_nomark_radio.png
template\Charcoal_Grey\slider_ltr.png
template\Charcoal_Grey\slider_rtl.png
template\Charcoal_Grey\toc_book_open_desktop.png
template\Charcoal_Grey\loading.gif
Images\viewer-rotateclockwise.png
template\Azure_Green\search_tab.png
template\Azure_Green\search_mobile_active.png
template\Azure_Green\search_mobile.png
template\Charcoal_Grey\toc_link_mobile_ltr.png
template\Charcoal_Grey\next.png
template\Charcoal_Grey\previous_active.png
template\Charcoal_Grey\filter_tab.png
template\Charcoal_Grey\index_tab.png
template\Charcoal_Grey\next_tab_active.png
template\Charcoal_Grey\next_tab.png
template\Charcoal_Grey\glossary_mobile.png
template\Charcoal_Grey\previous_mobile.png
template\Charcoal_Grey\toc_link_mobile_rtl.png
Images\moreactions-download.png
Images\viewer-01-coloredmode.png
template\Azure_Green\previous_active.png
template\Azure_Green\previous_mobile_active.png
template\Azure_Green\previous_mobile.png
template\Azure_Green\filter_mobile_applied.png
template\Azure_Green\filter_mobile.png
template\Azure_Green\search_mobile_navigation.png
template\Azure_Green\filter_nomark.png
template\Azure_Green\toc_topic_mobile.png
Images\viewer-rotateanticlockwise.png
template\Azure_Green\filter_desktop_applied.png
template\Azure_Green\toc_book_open_mobile.png
template\Charcoal_Grey\search_tab.png
Images\viewer-fittopagewidth.png
Images\viewer-rightarrow.png
Images\viewer-cameraview.png
template\Azure_Green\back_mobile_ltr.png
template\Charcoal_Grey\toc_tab_active.png
template\Charcoal_Grey\toc_book_open_drildown.png
Images\viewer-zoomin.png
Images\viewer-splice.png
Images\viewer-walkthrough.png
Images\viewer-select.png
Images\viewer-measureangle.png
RoboHHRE.lng
ehlpdhtm.js
SearchOptions.xml
index.ppf
whxdata\toc.js
whxdata\toc.new.js
whxdata\idata2.js
whxdata\idata2.new.js
whxdata\idx.js
whxdata\idx.new.js
whxdata\glo.js
whxdata\glo.new.js
whxdata\package_0_xml.js
whxdata\package_1_xml.js
whxdata\package_2_xml.js
whxdata\package_3_xml.js
whxdata\package_4_xml.js
whxdata\package_5_xml.js
whxdata\package_6_xml.js
whxdata\packageindex_xml.js
whxdata\synonym.xml
whxdata\synonym_xml.js
whxdata\topictable_0_xml.js
whxdata\topictableindex_xml.js
whxdata\whfts.xml
whxdata\whfts_xml.js
whxdata\csh.js
whxdata\window.js
projectdata.js
